[32m[Pascal][0m Running with ['cores', 'input', 'repetitions']
[32m[Pascal][0m Cores: 32 Input: 0 
[32m[Pascal][0m Total time 0.027642250061035156
[32m[Pascal][0m Cores: 32 Input: 1 
[32m[Pascal][0m Total time 0.00457453727722168
[32m[Pascal][0m Cores: 32 Input: 2 
[32m[Pascal][0m Total time 0.004318952560424805
[32m[Pascal][0m Cores: 32 Input: 3 
[32m[Pascal][0m Total time 0.004096269607543945
[32m[Pascal][0m Cores: 32 Input: 4 
[32m[Pascal][0m Total time 0.0036852359771728516
[32m[Pascal][0m Cores: 16 Input: 0 
[32m[Pascal][0m Total time 0.0035321712493896484
[32m[Pascal][0m Cores: 16 Input: 1 
[32m[Pascal][0m Total time 0.0035288333892822266
[32m[Pascal][0m Cores: 16 Input: 2 
[32m[Pascal][0m Total time 0.003336191177368164
[32m[Pascal][0m Cores: 16 Input: 3 
[32m[Pascal][0m Total time 0.003173828125
[32m[Pascal][0m Cores: 16 Input: 4 
[32m[Pascal][0m Total time 0.0037620067596435547
[32m[Pascal][0m Cores: 8 Input: 0 
[32m[Pascal][0m Total time 0.0038356781005859375
[32m[Pascal][0m Cores: 8 Input: 1 
[32m[Pascal][0m Total time 0.003489255905151367
[32m[Pascal][0m Cores: 8 Input: 2 
[32m[Pascal][0m Total time 0.0032417774200439453
[32m[Pascal][0m Cores: 8 Input: 3 
[32m[Pascal][0m Total time 0.003267049789428711
[32m[Pascal][0m Cores: 8 Input: 4 
[32m[Pascal][0m Total time 0.003420114517211914
[32m[Pascal][0m Cores: 4 Input: 0 
[32m[Pascal][0m Total time 0.0034804344177246094
[32m[Pascal][0m Cores: 4 Input: 1 
[32m[Pascal][0m Total time 0.0032575130462646484
[32m[Pascal][0m Cores: 4 Input: 2 
[32m[Pascal][0m Total time 0.003290891647338867
[32m[Pascal][0m Cores: 4 Input: 3 
[32m[Pascal][0m Total time 0.003329753875732422
[32m[Pascal][0m Cores: 4 Input: 4 
[32m[Pascal][0m Total time 0.003847837448120117
[32m[Pascal][0m Cores: 2 Input: 0 
[32m[Pascal][0m Total time 0.0038313865661621094
[32m[Pascal][0m Cores: 2 Input: 1 
[32m[Pascal][0m Total time 0.0033767223358154297
[32m[Pascal][0m Cores: 2 Input: 2 
[32m[Pascal][0m Total time 0.0033807754516601562
[32m[Pascal][0m Cores: 2 Input: 3 
[32m[Pascal][0m Total time 0.0031304359436035156
[32m[Pascal][0m Cores: 2 Input: 4 
[32m[Pascal][0m Total time 0.003275156021118164
[32m[Pascal][0m Cores: 1 Input: 0 
[32m[Pascal][0m Total time 0.0034041404724121094
[32m[Pascal][0m Cores: 1 Input: 1 
[32m[Pascal][0m Total time 0.0033757686614990234
[32m[Pascal][0m Cores: 1 Input: 2 
[32m[Pascal][0m Total time 0.0031664371490478516
[32m[Pascal][0m Cores: 1 Input: 3 
[32m[Pascal][0m Total time 0.003629922866821289
[32m[Pascal][0m Cores: 1 Input: 4 
[32m[Pascal][0m Total time 0.0037114620208740234
[32m[Pascal][0m ***** Done! *****
[32m[Pascal][0m Saving data
